running egg_info
creating build/hand_gesture_control/hand_gesture_control.egg-info
writing build/hand_gesture_control/hand_gesture_control.egg-info/PKG-INFO
writing dependency_links to build/hand_gesture_control/hand_gesture_control.egg-info/dependency_links.txt
writing entry points to build/hand_gesture_control/hand_gesture_control.egg-info/entry_points.txt
writing requirements to build/hand_gesture_control/hand_gesture_control.egg-info/requires.txt
writing top-level names to build/hand_gesture_control/hand_gesture_control.egg-info/top_level.txt
writing manifest file 'build/hand_gesture_control/hand_gesture_control.egg-info/SOURCES.txt'
reading manifest file 'build/hand_gesture_control/hand_gesture_control.egg-info/SOURCES.txt'
writing manifest file 'build/hand_gesture_control/hand_gesture_control.egg-info/SOURCES.txt'
running build
running build_py
creating /home/projects/ros2_ws/src/hand_gesture_control/build/hand_gesture_control/build
creating /home/projects/ros2_ws/src/hand_gesture_control/build/hand_gesture_control/build/lib
creating /home/projects/ros2_ws/src/hand_gesture_control/build/hand_gesture_control/build/lib/hand_gesture_control
copying hand_gesture_control/__init__.py -> /home/projects/ros2_ws/src/hand_gesture_control/build/hand_gesture_control/build/lib/hand_gesture_control
copying hand_gesture_control/hand_gesture_control_node.py -> /home/projects/ros2_ws/src/hand_gesture_control/build/hand_gesture_control/build/lib/hand_gesture_control
running install
running install_lib
creating /home/projects/ros2_ws/src/hand_gesture_control/install/hand_gesture_control/lib/python3.8/site-packages/hand_gesture_control
copying /home/projects/ros2_ws/src/hand_gesture_control/build/hand_gesture_control/build/lib/hand_gesture_control/__init__.py -> /home/projects/ros2_ws/src/hand_gesture_control/install/hand_gesture_control/lib/python3.8/site-packages/hand_gesture_control
copying /home/projects/ros2_ws/src/hand_gesture_control/build/hand_gesture_control/build/lib/hand_gesture_control/hand_gesture_control_node.py -> /home/projects/ros2_ws/src/hand_gesture_control/install/hand_gesture_control/lib/python3.8/site-packages/hand_gesture_control
byte-compiling /home/projects/ros2_ws/src/hand_gesture_control/install/hand_gesture_control/lib/python3.8/site-packages/hand_gesture_control/__init__.py to __init__.cpython-38.pyc
byte-compiling /home/projects/ros2_ws/src/hand_gesture_control/install/hand_gesture_control/lib/python3.8/site-packages/hand_gesture_control/hand_gesture_control_node.py to hand_gesture_control_node.cpython-38.pyc
running install_data
creating /home/projects/ros2_ws/src/hand_gesture_control/install/hand_gesture_control/share/ament_index
creating /home/projects/ros2_ws/src/hand_gesture_control/install/hand_gesture_control/share/ament_index/resource_index
creating /home/projects/ros2_ws/src/hand_gesture_control/install/hand_gesture_control/share/ament_index/resource_index/packages
copying resource/hand_gesture_control -> /home/projects/ros2_ws/src/hand_gesture_control/install/hand_gesture_control/share/ament_index/resource_index/packages
copying package.xml -> /home/projects/ros2_ws/src/hand_gesture_control/install/hand_gesture_control/share/hand_gesture_control
running install_egg_info
Copying build/hand_gesture_control/hand_gesture_control.egg-info to /home/projects/ros2_ws/src/hand_gesture_control/install/hand_gesture_control/lib/python3.8/site-packages/hand_gesture_control-0.0.0-py3.8.egg-info
running install_scripts
Installing hand_gesture_control_node script to /home/projects/ros2_ws/src/hand_gesture_control/install/hand_gesture_control/lib/hand_gesture_control
writing list of installed files to '/home/projects/ros2_ws/src/hand_gesture_control/build/hand_gesture_control/install.log'
