[1.040s] DEBUG:colcon:Command line arguments: ['/usr/bin/colcon', 'build', '--packages-select', 'hand_gesture_control']
[1.040s] DEBUG:colcon:Parsed command line arguments: Namespace(allow_overriding=[], ament_cmake_args=None, base_paths=['.'], build_base='build', catkin_cmake_args=None, catkin_skip_building_tests=False, cmake_args=None, cmake_clean_cache=False, cmake_clean_first=False, cmake_force_configure=False, cmake_target=None, cmake_target_skip_unavailable=False, continue_on_error=False, event_handlers=None, executor='parallel', ignore_user_meta=False, install_base='install', log_base=None, log_level=None, main=<bound method BuildVerb.main of <colcon_core.verb.build.BuildVerb object at 0x7f85445490>>, merge_install=False, metas=['./colcon.meta'], mixin=None, mixin_files=None, mixin_verb=('build',), packages_above=None, packages_above_and_dependencies=None, packages_above_depth=None, packages_end=None, packages_ignore=None, packages_ignore_regex=None, packages_select=['hand_gesture_control'], packages_select_build_failed=False, packages_select_by_dep=None, packages_select_regex=None, packages_select_test_failures=False, packages_skip=None, packages_skip_build_finished=False, packages_skip_by_dep=None, packages_skip_regex=None, packages_skip_test_passed=False, packages_skip_up_to=None, packages_start=None, packages_up_to=None, packages_up_to_regex=None, parallel_workers=4, paths=None, symlink_install=False, test_result_base=None, verb_extension=<colcon_core.verb.build.BuildVerb object at 0x7f85445490>, verb_name='build', verb_parser=<colcon_mixin.mixin.mixin_argument.MixinArgumentDecorator object at 0x7f85445af0>)
[1.074s] Level 1:colcon.colcon_core.package_discovery:discover_packages(colcon_meta) check parameters
[1.079s] INFO:colcon.colcon_metadata.package_discovery.colcon_meta:Using configuration from '/root/.colcon/metadata/default/Gazebo.meta'
[1.081s] INFO:colcon.colcon_metadata.package_discovery.colcon_meta:Using configuration from '/root/.colcon/metadata/default/fastrtps.meta'
[1.082s] Level 1:colcon.colcon_core.package_discovery:discover_packages(recursive) check parameters
[1.082s] Level 1:colcon.colcon_core.package_discovery:discover_packages(ignore) check parameters
[1.082s] Level 1:colcon.colcon_core.package_discovery:discover_packages(path) check parameters
[1.082s] Level 1:colcon.colcon_core.package_discovery:discover_packages(colcon_meta) discover
[1.082s] Level 1:colcon.colcon_core.package_discovery:discover_packages(recursive) discover
[1.082s] INFO:colcon.colcon_core.package_discovery:Crawling recursively for packages in '/home/projects/ros2_ws/src/hand_gesture_control'
[1.083s] Level 1:colcon.colcon_core.package_identification:_identify(.) by extensions ['ignore', 'ignore_ament_install']
[1.083s] Level 1:colcon.colcon_core.package_identification:_identify(.) by extension 'ignore'
[1.083s] Level 1:colcon.colcon_core.package_identification:_identify(.) by extension 'ignore_ament_install'
[1.084s] Level 1:colcon.colcon_core.package_identification:_identify(.) by extensions ['colcon_pkg']
[1.084s] Level 1:colcon.colcon_core.package_identification:_identify(.) by extension 'colcon_pkg'
[1.084s] Level 1:colcon.colcon_core.package_identification:_identify(.) by extensions ['colcon_meta']
[1.084s] Level 1:colcon.colcon_core.package_identification:_identify(.) by extension 'colcon_meta'
[1.084s] Level 1:colcon.colcon_core.package_identification:_identify(.) by extensions ['ros']
[1.085s] Level 1:colcon.colcon_core.package_identification:_identify(.) by extension 'ros'
[1.146s] DEBUG:colcon.colcon_core.package_identification:Package '.' with type 'ros.ament_python' and name 'hand_gesture_control'
[1.146s] Level 1:colcon.colcon_core.package_discovery:discover_packages(recursive) using defaults
[1.146s] Level 1:colcon.colcon_core.package_discovery:discover_packages(ignore) discover
[1.147s] Level 1:colcon.colcon_core.package_discovery:discover_packages(ignore) using defaults
[1.147s] Level 1:colcon.colcon_core.package_discovery:discover_packages(path) discover
[1.147s] Level 1:colcon.colcon_core.package_discovery:discover_packages(path) using defaults
[1.254s] Level 5:colcon.colcon_core.verb:set package 'hand_gesture_control' build argument 'cmake_args' from command line to 'None'
[1.254s] Level 5:colcon.colcon_core.verb:set package 'hand_gesture_control' build argument 'cmake_target' from command line to 'None'
[1.254s] Level 5:colcon.colcon_core.verb:set package 'hand_gesture_control' build argument 'cmake_target_skip_unavailable' from command line to 'False'
[1.254s] Level 5:colcon.colcon_core.verb:set package 'hand_gesture_control' build argument 'cmake_clean_cache' from command line to 'False'
[1.254s] Level 5:colcon.colcon_core.verb:set package 'hand_gesture_control' build argument 'cmake_clean_first' from command line to 'False'
[1.255s] Level 5:colcon.colcon_core.verb:set package 'hand_gesture_control' build argument 'cmake_force_configure' from command line to 'False'
[1.255s] Level 5:colcon.colcon_core.verb:set package 'hand_gesture_control' build argument 'ament_cmake_args' from command line to 'None'
[1.255s] Level 5:colcon.colcon_core.verb:set package 'hand_gesture_control' build argument 'catkin_cmake_args' from command line to 'None'
[1.255s] Level 5:colcon.colcon_core.verb:set package 'hand_gesture_control' build argument 'catkin_skip_building_tests' from command line to 'False'
[1.255s] DEBUG:colcon.colcon_core.verb:Building package 'hand_gesture_control' with the following arguments: {'ament_cmake_args': None, 'build_base': '/home/projects/ros2_ws/src/hand_gesture_control/build/hand_gesture_control', 'catkin_cmake_args': None, 'catkin_skip_building_tests': False, 'cmake_args': None, 'cmake_clean_cache': False, 'cmake_clean_first': False, 'cmake_force_configure': False, 'cmake_target': None, 'cmake_target_skip_unavailable': False, 'install_base': '/home/projects/ros2_ws/src/hand_gesture_control/install/hand_gesture_control', 'merge_install': False, 'path': '/home/projects/ros2_ws/src/hand_gesture_control', 'symlink_install': False, 'test_result_base': None}
[1.301s] INFO:colcon.colcon_core.executor:Executing jobs using 'parallel' executor
[1.310s] DEBUG:colcon.colcon_parallel_executor.executor.parallel:run_until_complete
[1.311s] INFO:colcon.colcon_ros.task.ament_python.build:Building ROS package in '/home/projects/ros2_ws/src/hand_gesture_control' with build type 'ament_python'
[1.311s] Level 1:colcon.colcon_core.shell:create_environment_hook('hand_gesture_control', 'ament_prefix_path')
[1.336s] INFO:colcon.colcon_core.plugin_system:Skipping extension 'colcon_core.shell.bat': Not used on non-Windows systems
[1.337s] INFO:colcon.colcon_core.shell:Creating environment hook '/home/projects/ros2_ws/src/hand_gesture_control/install/hand_gesture_control/share/hand_gesture_control/hook/ament_prefix_path.ps1'
[1.341s] INFO:colcon.colcon_core.shell:Creating environment descriptor '/home/projects/ros2_ws/src/hand_gesture_control/install/hand_gesture_control/share/hand_gesture_control/hook/ament_prefix_path.dsv'
[1.343s] INFO:colcon.colcon_core.shell:Creating environment hook '/home/projects/ros2_ws/src/hand_gesture_control/install/hand_gesture_control/share/hand_gesture_control/hook/ament_prefix_path.sh'
[1.348s] INFO:colcon.colcon_core.shell:Skip shell extension 'powershell' for command environment: Not usable outside of PowerShell
[1.348s] DEBUG:colcon.colcon_core.shell:Skip shell extension 'dsv' for command environment
[2.508s] INFO:colcon.colcon_core.task.python.build:Building Python package in '/home/projects/ros2_ws/src/hand_gesture_control'
[2.511s] INFO:colcon.colcon_core.shell:Skip shell extension 'powershell' for command environment: Not usable outside of PowerShell
[2.512s] DEBUG:colcon.colcon_core.shell:Skip shell extension 'dsv' for command environment
[4.660s] DEBUG:colcon.colcon_core.event_handler.log_command:Invoking command in '/home/projects/ros2_ws/src/hand_gesture_control': PYTHONPATH=/home/projects/ros2_ws/src/hand_gesture_control/install/hand_gesture_control/lib/python3.8/site-packages:${PYTHONPATH} /usr/bin/python3 setup.py egg_info --egg-base build/hand_gesture_control build --build-base /home/projects/ros2_ws/src/hand_gesture_control/build/hand_gesture_control/build install --prefix /home/projects/ros2_ws/src/hand_gesture_control/install/hand_gesture_control --record /home/projects/ros2_ws/src/hand_gesture_control/build/hand_gesture_control/install.log --single-version-externally-managed
[6.106s] DEBUG:colcon.colcon_core.event_handler.log_command:Invoked command in '/home/projects/ros2_ws/src/hand_gesture_control' returned '0': PYTHONPATH=/home/projects/ros2_ws/src/hand_gesture_control/install/hand_gesture_control/lib/python3.8/site-packages:${PYTHONPATH} /usr/bin/python3 setup.py egg_info --egg-base build/hand_gesture_control build --build-base /home/projects/ros2_ws/src/hand_gesture_control/build/hand_gesture_control/build install --prefix /home/projects/ros2_ws/src/hand_gesture_control/install/hand_gesture_control --record /home/projects/ros2_ws/src/hand_gesture_control/build/hand_gesture_control/install.log --single-version-externally-managed
[6.132s] Level 1:colcon.colcon_core.environment:checking '/home/projects/ros2_ws/src/hand_gesture_control/install/hand_gesture_control' for CMake module files
[6.134s] Level 1:colcon.colcon_core.environment:checking '/home/projects/ros2_ws/src/hand_gesture_control/install/hand_gesture_control' for CMake config files
[6.138s] Level 1:colcon.colcon_core.environment:checking '/home/projects/ros2_ws/src/hand_gesture_control/install/hand_gesture_control/lib'
[6.138s] Level 1:colcon.colcon_core.environment:checking '/home/projects/ros2_ws/src/hand_gesture_control/install/hand_gesture_control/bin'
[6.139s] Level 1:colcon.colcon_core.environment:checking '/home/projects/ros2_ws/src/hand_gesture_control/install/hand_gesture_control/lib/pkgconfig/hand_gesture_control.pc'
[6.139s] Level 1:colcon.colcon_core.environment:checking '/home/projects/ros2_ws/src/hand_gesture_control/install/hand_gesture_control/lib/python3.8/site-packages'
[6.139s] Level 1:colcon.colcon_core.shell:create_environment_hook('hand_gesture_control', 'pythonpath')
[6.142s] INFO:colcon.colcon_core.shell:Creating environment hook '/home/projects/ros2_ws/src/hand_gesture_control/install/hand_gesture_control/share/hand_gesture_control/hook/pythonpath.ps1'
[6.143s] INFO:colcon.colcon_core.shell:Creating environment descriptor '/home/projects/ros2_ws/src/hand_gesture_control/install/hand_gesture_control/share/hand_gesture_control/hook/pythonpath.dsv'
[6.144s] INFO:colcon.colcon_core.shell:Creating environment hook '/home/projects/ros2_ws/src/hand_gesture_control/install/hand_gesture_control/share/hand_gesture_control/hook/pythonpath.sh'
[6.146s] Level 1:colcon.colcon_core.environment:create_environment_scripts_only(hand_gesture_control)
[6.149s] INFO:colcon.colcon_core.shell:Creating package script '/home/projects/ros2_ws/src/hand_gesture_control/install/hand_gesture_control/share/hand_gesture_control/package.ps1'
[6.153s] INFO:colcon.colcon_core.shell:Creating package descriptor '/home/projects/ros2_ws/src/hand_gesture_control/install/hand_gesture_control/share/hand_gesture_control/package.dsv'
[6.156s] INFO:colcon.colcon_core.shell:Creating package script '/home/projects/ros2_ws/src/hand_gesture_control/install/hand_gesture_control/share/hand_gesture_control/package.sh'
[6.163s] INFO:colcon.colcon_core.shell:Creating package script '/home/projects/ros2_ws/src/hand_gesture_control/install/hand_gesture_control/share/hand_gesture_control/package.bash'
[6.167s] INFO:colcon.colcon_core.shell:Creating package script '/home/projects/ros2_ws/src/hand_gesture_control/install/hand_gesture_control/share/hand_gesture_control/package.zsh'
[6.171s] Level 1:colcon.colcon_core.environment:create_file_with_runtime_dependencies(/home/projects/ros2_ws/src/hand_gesture_control/install/hand_gesture_control/share/colcon-core/packages/hand_gesture_control)
[6.172s] DEBUG:colcon.colcon_parallel_executor.executor.parallel:closing loop
[6.173s] DEBUG:colcon.colcon_parallel_executor.executor.parallel:loop closed
[6.174s] DEBUG:colcon.colcon_parallel_executor.executor.parallel:run_until_complete finished with '0'
[6.174s] DEBUG:colcon.colcon_core.event_reactor:joining thread
[6.261s] INFO:colcon.colcon_core.plugin_system:Skipping extension 'colcon_notification.desktop_notification.notify_send': Could not find 'notify-send'
[6.261s] INFO:colcon.colcon_core.plugin_system:Skipping extension 'colcon_notification.desktop_notification.terminal_notifier': Not used on non-Darwin systems
[6.262s] INFO:colcon.colcon_core.plugin_system:Skipping extension 'colcon_notification.desktop_notification.win32': Not used on non-Windows systems
[6.262s] INFO:colcon.colcon_notification.desktop_notification:Sending desktop notification using 'notify2'
[6.262s] DEBUG:colcon.colcon_notification.desktop_notification.notify2:Failed to initialize notify2: org.freedesktop.DBus.Error.NotSupported: Unable to autolaunch a dbus-daemon without a $DISPLAY for X11
[6.263s] DEBUG:colcon.colcon_core.event_reactor:joined thread
[6.265s] INFO:colcon.colcon_core.shell:Creating prefix script '/home/projects/ros2_ws/src/hand_gesture_control/install/local_setup.ps1'
[6.269s] INFO:colcon.colcon_core.shell:Creating prefix util module '/home/projects/ros2_ws/src/hand_gesture_control/install/_local_setup_util_ps1.py'
[6.276s] INFO:colcon.colcon_core.shell:Creating prefix chain script '/home/projects/ros2_ws/src/hand_gesture_control/install/setup.ps1'
[6.286s] INFO:colcon.colcon_core.shell:Creating prefix script '/home/projects/ros2_ws/src/hand_gesture_control/install/local_setup.sh'
[6.289s] INFO:colcon.colcon_core.shell:Creating prefix util module '/home/projects/ros2_ws/src/hand_gesture_control/install/_local_setup_util_sh.py'
[6.290s] INFO:colcon.colcon_core.shell:Creating prefix chain script '/home/projects/ros2_ws/src/hand_gesture_control/install/setup.sh'
[6.301s] INFO:colcon.colcon_core.shell:Creating prefix script '/home/projects/ros2_ws/src/hand_gesture_control/install/local_setup.bash'
[6.303s] INFO:colcon.colcon_core.shell:Creating prefix chain script '/home/projects/ros2_ws/src/hand_gesture_control/install/setup.bash'
[6.313s] INFO:colcon.colcon_core.shell:Creating prefix script '/home/projects/ros2_ws/src/hand_gesture_control/install/local_setup.zsh'
[6.315s] INFO:colcon.colcon_core.shell:Creating prefix chain script '/home/projects/ros2_ws/src/hand_gesture_control/install/setup.zsh'
